# JRE version: Java(TM) SE Runtime Environment (8.0_60-b27) (build 1.8.0_60-b27)
# Java VM: Java HotSpot(TM) 64-Bit Server VM (25.60-b23 mixed mode windows-amd64 compressed oops)
Heap:
 PSYoungGen      total 565760K, used 179759K [0x00000000d5c00000, 0x0000000100000000, 0x0000000100000000)
  eden space 528896K, 33% used [0x00000000d5c00000,0x00000000e0b8bc40,0x00000000f6080000)
  from space 36864K, 0% used [0x00000000f6080000,0x00000000f6080000,0x00000000f8480000)
  to   space 53248K, 0% used [0x00000000fcc00000,0x00000000fcc00000,0x0000000100000000)
 ParOldGen       total 144896K, used 70516K [0x0000000081400000, 0x000000008a180000, 0x00000000d5c00000)
  object space 144896K, 48% used [0x0000000081400000,0x00000000858dd258,0x000000008a180000)
 Metaspace       used 4119K, capacity 5438K, committed 5632K, reserved 1056768K
  class space    used 442K, capacity 489K, committed 512K, reserved 1048576K
GC Heap History (10 events):
Event: 4.159 GC heap before
{Heap before GC invocations=6 (full 0):
 PSYoungGen      total 138240K, used 138208K [0x00000000d5c00000, 0x00000000e8c00000, 0x0000000100000000)
  eden space 133120K, 100% used [0x00000000d5c00000,0x00000000dde00000,0x00000000dde00000)
  from space 5120K, 99% used [0x00000000dde00000,0x00000000de2f8040,0x00000000de300000)
  to   space 22528K, 0% used [0x00000000e7600000,0x00000000e7600000,0x00000000e8c00000)
 ParOldGen       total 87552K, used 35354K [0x0000000081400000, 0x0000000086980000, 0x00000000d5c00000)
  object space 87552K, 40% used [0x0000000081400000,0x0000000083686998,0x0000000086980000)
 Metaspace       used 4119K, capacity 5438K, committed 5632K, reserved 1056768K
  class space    used 442K, capacity 489K, committed 512K, reserved 1048576K
Event: 4.252 GC heap after
Heap after GC invocations=6 (full 0):
 PSYoungGen      total 287744K, used 14198K [0x00000000d5c00000, 0x00000000e8b00000, 0x0000000100000000)
  eden space 266240K, 0% used [0x00000000d5c00000,0x00000000d5c00000,0x00000000e6000000)
  from space 21504K, 66% used [0x00000000e7600000,0x00000000e83dd810,0x00000000e8b00000)
  to   space 22016K, 0% used [0x00000000e6000000,0x00000000e6000000,0x00000000e7580000)
 ParOldGen       total 87552K, used 35354K [0x0000000081400000, 0x0000000086980000, 0x00000000d5c00000)
  object space 87552K, 40% used [0x0000000081400000,0x0000000083686998,0x0000000086980000)
 Metaspace       used 4119K, capacity 5438K, committed 5632K, reserved 1056768K
  class space    used 442K, capacity 489K, committed 512K, reserved 1048576K
}
Event: 6.002 GC heap before
{Heap before GC invocations=7 (full 0):
 PSYoungGen      total 287744K, used 280438K [0x00000000d5c00000, 0x00000000e8b00000, 0x0000000100000000)
  eden space 266240K, 100% used [0x00000000d5c00000,0x00000000e6000000,0x00000000e6000000)
  from space 21504K, 66% used [0x00000000e7600000,0x00000000e83dd810,0x00000000e8b00000)
  to   space 22016K, 0% used [0x00000000e6000000,0x00000000e6000000,0x00000000e7580000)
 ParOldGen       total 87552K, used 35354K [0x0000000081400000, 0x0000000086980000, 0x00000000d5c00000)
  object space 87552K, 40% used [0x0000000081400000,0x0000000083686998,0x0000000086980000)
 Metaspace       used 4119K, capacity 5438K, committed 5632K, reserved 1056768K
  class space    used 442K, capacity 489K, committed 512K, reserved 1048576K
Event: 6.296 GC heap after
Heap after GC invocations=7 (full 0):
 PSYoungGen      total 288256K, used 21984K [0x00000000d5c00000, 0x00000000fa500000, 0x0000000100000000)
  eden space 266240K, 0% used [0x00000000d5c00000,0x00000000d5c00000,0x00000000e6000000)
  from space 22016K, 99% used [0x00000000e6000000,0x00000000e75783d8,0x00000000e7580000)
  to   space 33280K, 0% used [0x00000000f8480000,0x00000000f8480000,0x00000000fa500000)
 ParOldGen       total 87552K, used 50866K [0x0000000081400000, 0x0000000086980000, 0x00000000d5c00000)
  object space 87552K, 58% used [0x0000000081400000,0x00000000845ac9c8,0x0000000086980000)
 Metaspace       used 4119K, capacity 5438K, committed 5632K, reserved 1056768K
  class space    used 442K, capacity 489K, committed 512K, reserved 1048576K
}
Event: 8.048 GC heap before
{Heap before GC invocations=8 (full 0):
 PSYoungGen      total 288256K, used 288224K [0x00000000d5c00000, 0x00000000fa500000, 0x0000000100000000)
  eden space 266240K, 100% used [0x00000000d5c00000,0x00000000e6000000,0x00000000e6000000)
  from space 22016K, 99% used [0x00000000e6000000,0x00000000e75783d8,0x00000000e7580000)
  to   space 33280K, 0% used [0x00000000f8480000,0x00000000f8480000,0x00000000fa500000)
 ParOldGen       total 87552K, used 50866K [0x0000000081400000, 0x0000000086980000, 0x00000000d5c00000)
  object space 87552K, 58% used [0x0000000081400000,0x00000000845ac9c8,0x0000000086980000)
 Metaspace       used 4119K, capacity 5438K, committed 5632K, reserved 1056768K
  class space    used 442K, capacity 489K, committed 512K, reserved 1048576K
Event: 8.206 GC heap after
Heap after GC invocations=8 (full 0):
 PSYoungGen      total 562176K, used 28945K [0x00000000d5c00000, 0x00000000fac00000, 0x0000000100000000)
  eden space 528896K, 0% used [0x00000000d5c00000,0x00000000d5c00000,0x00000000f6080000)
  from space 33280K, 86% used [0x00000000f8480000,0x00000000fa0c4598,0x00000000fa500000)
  to   space 36864K, 0% used [0x00000000f6080000,0x00000000f6080000,0x00000000f8480000)
 ParOldGen       total 87552K, used 51002K [0x0000000081400000, 0x0000000086980000, 0x00000000d5c00000)
  object space 87552K, 58% used [0x0000000081400000,0x00000000845ce9c8,0x0000000086980000)
 Metaspace       used 4119K, capacity 5438K, committed 5632K, reserved 1056768K
  class space    used 442K, capacity 489K, committed 512K, reserved 1048576K
}
Event: 10.465 GC heap before
{Heap before GC invocations=9 (full 0):
 PSYoungGen      total 562176K, used 557841K [0x00000000d5c00000, 0x00000000fac00000, 0x0000000100000000)
  eden space 528896K, 100% used [0x00000000d5c00000,0x00000000f6080000,0x00000000f6080000)
  from space 33280K, 86% used [0x00000000f8480000,0x00000000fa0c4598,0x00000000fa500000)
  to   space 36864K, 0% used [0x00000000f6080000,0x00000000f6080000,0x00000000f8480000)
 ParOldGen       total 87552K, used 51002K [0x0000000081400000, 0x0000000086980000, 0x00000000d5c00000)
  object space 87552K, 58% used [0x0000000081400000,0x00000000845ce9c8,0x0000000086980000)
 Metaspace       used 4119K, capacity 5438K, committed 5632K, reserved 1056768K
  class space    used 442K, capacity 489K, committed 512K, reserved 1048576K
Event: 10.710 GC heap after
Heap after GC invocations=9 (full 0):
 PSYoungGen      total 565760K, used 36842K [0x00000000d5c00000, 0x0000000100000000, 0x0000000100000000)
  eden space 528896K, 0% used [0x00000000d5c00000,0x00000000d5c00000,0x00000000f6080000)
  from space 36864K, 99% used [0x00000000f6080000,0x00000000f847a808,0x00000000f8480000)
  to   space 53248K, 0% used [0x00000000fcc00000,0x00000000fcc00000,0x0000000100000000)
 ParOldGen       total 87552K, used 77106K [0x0000000081400000, 0x0000000086980000, 0x00000000d5c00000)
  object space 87552K, 88% used [0x0000000081400000,0x0000000085f4c9d8,0x0000000086980000)
 Metaspace       used 4119K, capacity 5438K, committed 5632K, reserved 1056768K
  class space    used 442K, capacity 489K, committed 512K, reserved 1048576K
}
Event: 10.710 GC heap before
{Heap before GC invocations=10 (full 1):
 PSYoungGen      total 565760K, used 36842K [0x00000000d5c00000, 0x0000000100000000, 0x0000000100000000)
  eden space 528896K, 0% used [0x00000000d5c00000,0x00000000d5c00000,0x00000000f6080000)
  from space 36864K, 99% used [0x00000000f6080000,0x00000000f847a808,0x00000000f8480000)
  to   space 53248K, 0% used [0x00000000fcc00000,0x00000000fcc00000,0x0000000100000000)
 ParOldGen       total 87552K, used 77106K [0x0000000081400000, 0x0000000086980000, 0x00000000d5c00000)
  object space 87552K, 88% used [0x0000000081400000,0x0000000085f4c9d8,0x0000000086980000)
 Metaspace       used 4119K, capacity 5438K, committed 5632K, reserved 1056768K
  class space    used 442K, capacity 489K, committed 512K, reserved 1048576K
Event: 11.679 GC heap after
Heap after GC invocations=10 (full 1):
 PSYoungGen      total 565760K, used 0K [0x00000000d5c00000, 0x0000000100000000, 0x0000000100000000)
  eden space 528896K, 0% used [0x00000000d5c00000,0x00000000d5c00000,0x00000000f6080000)
  from space 36864K, 0% used [0x00000000f6080000,0x00000000f6080000,0x00000000f8480000)
  to   space 53248K, 0% used [0x00000000fcc00000,0x00000000fcc00000,0x0000000100000000)
 ParOldGen       total 144896K, used 70516K [0x0000000081400000, 0x000000008a180000, 0x00000000d5c00000)
  object space 144896K, 48% used [0x0000000081400000,0x00000000858dd258,0x000000008a180000)
 Metaspace       used 4119K, capacity 5438K, committed 5632K, reserved 1056768K
  class space    used 442K, capacity 489K, committed 512K, reserved 1048576K
}

